Using pre-set license
Built from '2020.3/release' branch; Version is '2020.3.2f1 (8fd9074bf66c) revision 9427207'; Using compiler version '192528614'; Build Type 'Release'
OS: 'Windows 10 Education; OS build 19042.906; Version 2009; 64bit' Language: 'ja' Physical Memory: 16319 MB
BatchMode: 1, IsHumanControllingUs: 0, StartBugReporterOnCrash: 0, Is64bit: 1, IsPro: 0

 COMMAND LINE ARGUMENTS:
C:\Program Files\Unity\Hub\Editor\2020.3.2f1\Editor\Unity.exe
-adb2
-batchMode
-noUpm
-name
AssetImportWorker0
-projectPath
C:/Users/190795/Desktop/Game
-logFile
Logs/AssetImportWorker0.log
-srvPort
57387
Successfully changed project path to: C:/Users/190795/Desktop/Game
C:/Users/190795/Desktop/Game
Using Asset Import Pipeline V2.
Refreshing native plugins compatible for Editor in 27.48 ms, found 0 plugins.
Preloading 0 native plugins for Editor in 0.00 ms.
Initialize engine version: 2020.3.2f1 (8fd9074bf66c)
[Subsystems] Discovering subsystems at path C:/Program Files/Unity/Hub/Editor/2020.3.2f1/Editor/Data/Resources/UnitySubsystems
[Subsystems] Discovering subsystems at path C:/Users/190795/Desktop/Game/Assets
GfxDevice: creating device client; threaded=0
Direct3D:
    Version:  Direct3D 11.0 [level 11.1]
    Renderer: NVIDIA GeForce GTX 980 Ti (ID=0x17c8)
    Vendor:   
    VRAM:     6097 MB
    Driver:   27.21.14.6093
Initialize mono
Mono path[0] = 'C:/Program Files/Unity/Hub/Editor/2020.3.2f1/Editor/Data/Managed'
Mono path[1] = 'C:/Program Files/Unity/Hub/Editor/2020.3.2f1/Editor/Data/MonoBleedingEdge/lib/mono/unityjit'
Mono config path = 'C:/Program Files/Unity/Hub/Editor/2020.3.2f1/Editor/Data/MonoBleedingEdge/etc'
Using monoOptions --debugger-agent=transport=dt_socket,embedding=1,server=y,suspend=n,address=127.0.0.1:56940
Begin MonoManager ReloadAssembly
Registering precompiled unity dll's ...
Register platform support module: C:/Program Files/Unity/Hub/Editor/2020.3.2f1/Editor/Data/PlaybackEngines/WebGLSupport/UnityEditor.WebGL.Extensions.dll
Register platform support module: C:/Program Files/Unity/Hub/Editor/2020.3.2f1/Editor/Data/PlaybackEngines/WindowsStandaloneSupport/UnityEditor.WindowsStandalone.Extensions.dll
Registered in 0.004355 seconds.
Native extension for WindowsStandalone target not found
Native extension for WebGL target not found
Refreshing native plugins compatible for Editor in 23.19 ms, found 0 plugins.
Preloading 0 native plugins for Editor in 0.00 ms.
Invoked RoslynAnalysisRunner static constructor.
RoslynAnalysisRunner will not be running.
RoslynAnalysisRunner has terminated.
Mono: successfully reloaded assembly
- Completed reload, in  2.362 seconds
Platform modules already initialized, skipping
Registering precompiled user dll's ...
Registered in 0.002241 seconds.
Begin MonoManager ReloadAssembly
Native extension for WindowsStandalone target not found
Native extension for WebGL target not found
Refreshing native plugins compatible for Editor in 0.19 ms, found 0 plugins.
Preloading 0 native plugins for Editor in 0.00 ms.
Invoked RoslynAnalysisRunner static constructor.
RoslynAnalysisRunner will not be running.
RoslynAnalysisRunner has terminated.
Mono: successfully reloaded assembly
- Completed reload, in  1.014 seconds
Platform modules already initialized, skipping
========================================================================
Worker process is ready to serve import requests
Launched and connected shader compiler UnityShaderCompiler.exe after 0.07 seconds
Refreshing native plugins compatible for Editor in 0.28 ms, found 0 plugins.
Preloading 0 native plugins for Editor in 0.00 ms.
Unloading 1129 Unused Serialized files (Serialized files now loaded: 0)
System memory in use before: 57.9 MB.
System memory in use after: 57.9 MB.

Unloading 9 unused Assets to reduce memory usage. Loaded Objects now: 1577.
Total: 1.830500 ms (FindLiveObjects: 0.161700 ms CreateObjectMapping: 0.080800 ms MarkObjects: 1.527100 ms  DeleteObjects: 0.059700 ms)

========================================================================
Received Import Request.
  path: Assets/Objects/ItemM.mat
  artifactKey: Guid(2a85a538163d0f34f98494c8f847c1b1) Importer(815301076,1909f56bfc062723c751e8b465ee728b)
Start importing Assets/Objects/ItemM.mat using Guid(2a85a538163d0f34f98494c8f847c1b1) Importer(815301076,1909f56bfc062723c751e8b465ee728b)  -> (artifact id: '2120fab797ccd3556ee35a6eebc18089') in 0.153806 seconds
  Import took 0.156132 seconds .

========================================================================
Received Import Request.
  Time since last request: 0.000355 seconds.
  path: Assets/Objects/ItemP.prefab
  artifactKey: Guid(33a6812e5a8a86a41a333fd779b577c6) Importer(815301076,1909f56bfc062723c751e8b465ee728b)
Start importing Assets/Objects/ItemP.prefab using Guid(33a6812e5a8a86a41a333fd779b577c6) Importer(815301076,1909f56bfc062723c751e8b465ee728b)  -> (artifact id: 'c2ae38c547f032cbb2af410437779ea7') in 0.034469 seconds
  Import took 0.036225 seconds .

========================================================================
Received Import Request.
  Time since last request: 0.000362 seconds.
  path: Assets/Objects
  artifactKey: Guid(21e206941844f3d428ac011c213ea8d1) Importer(815301076,1909f56bfc062723c751e8b465ee728b)
Start importing Assets/Objects using Guid(21e206941844f3d428ac011c213ea8d1) Importer(815301076,1909f56bfc062723c751e8b465ee728b)  -> (artifact id: '24dba7ff64ecfe4729017c8cda846250') in 0.009964 seconds
  Import took 0.011840 seconds .

========================================================================
Received Import Request.
  Time since last request: 0.000376 seconds.
  path: Assets/Objects/ItemP.prefab
  artifactKey: Guid(33a6812e5a8a86a41a333fd779b577c6) Importer(815301076,1909f56bfc062723c751e8b465ee728b)
Start importing Assets/Objects/ItemP.prefab using Guid(33a6812e5a8a86a41a333fd779b577c6) Importer(815301076,1909f56bfc062723c751e8b465ee728b)  -> (artifact id: 'c2ae38c547f032cbb2af410437779ea7') in 0.021167 seconds
  Import took 0.023840 seconds .

========================================================================
Received Import Request.
  Time since last request: 0.000295 seconds.
  path: Assets/Objects/PlayerM.mat
  artifactKey: Guid(2e3f0e395f2301c4e80dfd5c75c66040) Importer(815301076,1909f56bfc062723c751e8b465ee728b)
Start importing Assets/Objects/PlayerM.mat using Guid(2e3f0e395f2301c4e80dfd5c75c66040) Importer(815301076,1909f56bfc062723c751e8b465ee728b)  -> (artifact id: 'f4ee8805736fb34240299ee1e7e7f5a3') in 0.020295 seconds
  Import took 0.022086 seconds .

========================================================================
Received Import Request.
  Time since last request: 0.000335 seconds.
  path: Assets/Scripts
  artifactKey: Guid(bed185355274a9a499df4f8ea4303c64) Importer(815301076,1909f56bfc062723c751e8b465ee728b)
Start importing Assets/Scripts using Guid(bed185355274a9a499df4f8ea4303c64) Importer(815301076,1909f56bfc062723c751e8b465ee728b)  -> (artifact id: 'd299f4aeb4a5f577ac4aa9ea47bedba2') in 0.009783 seconds
  Import took 0.011594 seconds .

========================================================================
Received Import Request.
  Time since last request: 0.000380 seconds.
  path: Assets/Objects/GoalP.prefab
  artifactKey: Guid(8cfcd0fcb91d4d542948cceaa9f42b72) Importer(815301076,1909f56bfc062723c751e8b465ee728b)
Start importing Assets/Objects/GoalP.prefab using Guid(8cfcd0fcb91d4d542948cceaa9f42b72) Importer(815301076,1909f56bfc062723c751e8b465ee728b)  -> (artifact id: 'd171e5d9a9ed7781655764815796d194') in 0.021626 seconds
  Import took 0.023581 seconds .

========================================================================
Received Import Request.
  Time since last request: 0.000263 seconds.
  path: Assets/Objects/New Material.mat
  artifactKey: Guid(e8602f4f0c5d72b4392793a02894d958) Importer(815301076,1909f56bfc062723c751e8b465ee728b)
Start importing Assets/Objects/New Material.mat using Guid(e8602f4f0c5d72b4392793a02894d958) Importer(815301076,1909f56bfc062723c751e8b465ee728b)  -> (artifact id: '6a1194e4486c9c1d7ba2d24d34d13698') in 0.287417 seconds
  Import took 0.289628 seconds .

========================================================================
Received Import Request.
  Time since last request: 0.000215 seconds.
  path: Assets/Objects/PlayerP.prefab
  artifactKey: Guid(2cdb3a91135615740894bf65e476bfb0) Importer(815301076,1909f56bfc062723c751e8b465ee728b)
Start importing Assets/Objects/PlayerP.prefab using Guid(2cdb3a91135615740894bf65e476bfb0) Importer(815301076,1909f56bfc062723c751e8b465ee728b)  -> (artifact id: '509ade87e4a1440b49ed84c4c4836500') in 0.024297 seconds
  Import took 0.026870 seconds .

========================================================================
Received Import Request.
  Time since last request: 0.000304 seconds.
  path: Assets/Objects/StageM.mat
  artifactKey: Guid(2b51494755a9cf04cae0c992fd25836a) Importer(815301076,1909f56bfc062723c751e8b465ee728b)
Start importing Assets/Objects/StageM.mat using Guid(2b51494755a9cf04cae0c992fd25836a) Importer(815301076,1909f56bfc062723c751e8b465ee728b)  -> (artifact id: '4d87bdd5c7704c5f73bf83c9e7b0c544') in 0.020841 seconds
  Import took 0.023214 seconds .

========================================================================
Received Import Request.
  Time since last request: 0.000317 seconds.
  path: Assets/Objects/sakaP.prefab
  artifactKey: Guid(01d467cdd1cbc204dbaf56bd361dee7a) Importer(815301076,1909f56bfc062723c751e8b465ee728b)
Start importing Assets/Objects/sakaP.prefab using Guid(01d467cdd1cbc204dbaf56bd361dee7a) Importer(815301076,1909f56bfc062723c751e8b465ee728b)  -> (artifact id: '3bfcf9158b7250bbfbbe0ca111590038') in 0.020559 seconds
  Import took 0.022411 seconds .

========================================================================
Received Import Request.
  Time since last request: 0.000376 seconds.
  path: Assets/Objects/saka.prefab
  artifactKey: Guid(182cbbd138953864daa6aa5d645b339d) Importer(815301076,1909f56bfc062723c751e8b465ee728b)
Start importing Assets/Objects/saka.prefab using Guid(182cbbd138953864daa6aa5d645b339d) Importer(815301076,1909f56bfc062723c751e8b465ee728b)  -> (artifact id: 'cc3b0d46da4fd7a4d0e6b13fe429a518') in 0.019784 seconds
  Import took 0.021862 seconds .

========================================================================
Received Import Request.
  Time since last request: 0.000384 seconds.
  path: Assets/Objects/Hole.prefab
  artifactKey: Guid(abd3b9a9a00f4aa48a587282d117d720) Importer(815301076,1909f56bfc062723c751e8b465ee728b)
Start importing Assets/Objects/Hole.prefab using Guid(abd3b9a9a00f4aa48a587282d117d720) Importer(815301076,1909f56bfc062723c751e8b465ee728b)  -> (artifact id: '3ed3124e919a0e9ec109bacae0edc8fc') in 0.019648 seconds
  Import took 0.021834 seconds .

========================================================================
Received Import Request.
  Time since last request: 0.000338 seconds.
  path: Assets/Objects/Wall.prefab
  artifactKey: Guid(027d3d2db752a194fa655cef8062613c) Importer(815301076,1909f56bfc062723c751e8b465ee728b)
Start importing Assets/Objects/Wall.prefab using Guid(027d3d2db752a194fa655cef8062613c) Importer(815301076,1909f56bfc062723c751e8b465ee728b)  -> (artifact id: 'b45e99cbc6c26ac51b78615c024aaa6b') in 0.020209 seconds
  Import took 0.022102 seconds .

========================================================================
Received Import Request.
  Time since last request: 0.000264 seconds.
  path: Assets/Objects/GoalM.mat
  artifactKey: Guid(7190f3c77e0797d42a008e5bab7fe8c4) Importer(815301076,1909f56bfc062723c751e8b465ee728b)
Start importing Assets/Objects/GoalM.mat using Guid(7190f3c77e0797d42a008e5bab7fe8c4) Importer(815301076,1909f56bfc062723c751e8b465ee728b)  -> (artifact id: '71470be74aefaa613d732b4af41802d9') in 0.022204 seconds
  Import took 0.023960 seconds .

========================================================================
Received Import Request.
  Time since last request: 0.000355 seconds.
  path: Assets/Objects/Stage.prefab
  artifactKey: Guid(5a640509034301344be6c97752194147) Importer(815301076,1909f56bfc062723c751e8b465ee728b)
Start importing Assets/Objects/Stage.prefab using Guid(5a640509034301344be6c97752194147) Importer(815301076,1909f56bfc062723c751e8b465ee728b)  -> (artifact id: '1946c6ee252fa07ea947d6ae163cd841') in 0.019045 seconds
  Import took 0.021094 seconds .

========================================================================
Received Import Request.
  Time since last request: 0.000335 seconds.
  path: Assets/Objects/rootP.prefab
  artifactKey: Guid(74def591718604d4f97e4c1265eb09f9) Importer(815301076,1909f56bfc062723c751e8b465ee728b)
Start importing Assets/Objects/rootP.prefab using Guid(74def591718604d4f97e4c1265eb09f9) Importer(815301076,1909f56bfc062723c751e8b465ee728b)  -> (artifact id: '3eea3e82a44484f61915ba153a1fcc1a') in 0.020155 seconds
  Import took 0.022654 seconds .

========================================================================
Received Prepare
Registering precompiled user dll's ...
Registered in 0.002738 seconds.
Begin MonoManager ReloadAssembly
Native extension for WindowsStandalone target not found
Native extension for WebGL target not found
Refreshing native plugins compatible for Editor in 0.19 ms, found 0 plugins.
Preloading 0 native plugins for Editor in 0.00 ms.
Invoked RoslynAnalysisRunner static constructor.
RoslynAnalysisRunner will not be running.
RoslynAnalysisRunner has terminated.
Mono: successfully reloaded assembly
- Completed reload, in  0.967 seconds
Platform modules already initialized, skipping
Refreshing native plugins compatible for Editor in 0.20 ms, found 0 plugins.
Preloading 0 native plugins for Editor in 0.00 ms.
Unloading 1123 Unused Serialized files (Serialized files now loaded: 0)
System memory in use before: 61.1 MB.
System memory in use after: 61.2 MB.

Unloading 5 unused Assets to reduce memory usage. Loaded Objects now: 1623.
Total: 1.667600 ms (FindLiveObjects: 0.125600 ms CreateObjectMapping: 0.032600 ms MarkObjects: 1.477300 ms  DeleteObjects: 0.031400 ms)

========================================================================
Received Prepare
Registering precompiled user dll's ...
Registered in 0.001200 seconds.
Begin MonoManager ReloadAssembly
Native extension for WindowsStandalone target not found
Native extension for WebGL target not found
Refreshing native plugins compatible for Editor in 0.30 ms, found 0 plugins.
Preloading 0 native plugins for Editor in 0.00 ms.
Invoked RoslynAnalysisRunner static constructor.
RoslynAnalysisRunner will not be running.
RoslynAnalysisRunner has terminated.
Mono: successfully reloaded assembly
- Completed reload, in  0.862 seconds
Platform modules already initialized, skipping
Refreshing native plugins compatible for Editor in 0.22 ms, found 0 plugins.
Preloading 0 native plugins for Editor in 0.00 ms.
Unloading 1123 Unused Serialized files (Serialized files now loaded: 0)
System memory in use before: 61.1 MB.
System memory in use after: 61.2 MB.

Unloading 4 unused Assets to reduce memory usage. Loaded Objects now: 1626.
Total: 1.932200 ms (FindLiveObjects: 0.247000 ms CreateObjectMapping: 0.063000 ms MarkObjects: 1.608300 ms  DeleteObjects: 0.012900 ms)

========================================================================
Received Prepare
Registering precompiled user dll's ...
Registered in 0.001287 seconds.
Begin MonoManager ReloadAssembly
Native extension for WindowsStandalone target not found
Native extension for WebGL target not found
Refreshing native plugins compatible for Editor in 0.40 ms, found 0 plugins.
Preloading 0 native plugins for Editor in 0.00 ms.
Invoked RoslynAnalysisRunner static constructor.
RoslynAnalysisRunner will not be running.
RoslynAnalysisRunner has terminated.
Mono: successfully reloaded assembly
- Completed reload, in  0.883 seconds
Platform modules already initialized, skipping
Refreshing native plugins compatible for Editor in 0.26 ms, found 0 plugins.
Preloading 0 native plugins for Editor in 0.00 ms.
Unloading 1123 Unused Serialized files (Serialized files now loaded: 0)
System memory in use before: 61.2 MB.
System memory in use after: 61.3 MB.

Unloading 4 unused Assets to reduce memory usage. Loaded Objects now: 1629.
Total: 1.678700 ms (FindLiveObjects: 0.176900 ms CreateObjectMapping: 0.052400 ms MarkObjects: 1.420500 ms  DeleteObjects: 0.027600 ms)

========================================================================
Received Import Request.
  Time since last request: 1419.323331 seconds.
  path: Assets/Objects/DeadM.mat
  artifactKey: Guid(e8602f4f0c5d72b4392793a02894d958) Importer(815301076,1909f56bfc062723c751e8b465ee728b)
Start importing Assets/Objects/DeadM.mat using Guid(e8602f4f0c5d72b4392793a02894d958) Importer(815301076,1909f56bfc062723c751e8b465ee728b)  -> (artifact id: '8dfc124cb55c3c7a8421bcd43e824346') in 0.059805 seconds
  Import took 0.061703 seconds .

========================================================================
Received Prepare
Registering precompiled user dll's ...
Registered in 0.001295 seconds.
Begin MonoManager ReloadAssembly
Native extension for WindowsStandalone target not found
Native extension for WebGL target not found
Refreshing native plugins compatible for Editor in 0.19 ms, found 0 plugins.
Preloading 0 native plugins for Editor in 0.00 ms.
Invoked RoslynAnalysisRunner static constructor.
RoslynAnalysisRunner will not be running.
RoslynAnalysisRunner has terminated.
Mono: successfully reloaded assembly
- Completed reload, in  0.798 seconds
Platform modules already initialized, skipping
Refreshing native plugins compatible for Editor in 0.22 ms, found 0 plugins.
Preloading 0 native plugins for Editor in 0.00 ms.
Unloading 1123 Unused Serialized files (Serialized files now loaded: 0)
System memory in use before: 61.2 MB.
System memory in use after: 61.3 MB.

Unloading 4 unused Assets to reduce memory usage. Loaded Objects now: 1633.
Total: 1.832100 ms (FindLiveObjects: 0.133900 ms CreateObjectMapping: 0.031900 ms MarkObjects: 1.637400 ms  DeleteObjects: 0.027800 ms)

========================================================================
Received Prepare
Registering precompiled user dll's ...
Registered in 0.001178 seconds.
Begin MonoManager ReloadAssembly
Native extension for WindowsStandalone target not found
Native extension for WebGL target not found
Refreshing native plugins compatible for Editor in 0.19 ms, found 0 plugins.
Preloading 0 native plugins for Editor in 0.00 ms.
Invoked RoslynAnalysisRunner static constructor.
RoslynAnalysisRunner will not be running.
RoslynAnalysisRunner has terminated.
Mono: successfully reloaded assembly
- Completed reload, in  0.844 seconds
Platform modules already initialized, skipping
Refreshing native plugins compatible for Editor in 0.23 ms, found 0 plugins.
Preloading 0 native plugins for Editor in 0.00 ms.
Unloading 1123 Unused Serialized files (Serialized files now loaded: 0)
System memory in use before: 61.2 MB.
System memory in use after: 61.3 MB.

Unloading 4 unused Assets to reduce memory usage. Loaded Objects now: 1636.
Total: 2.221700 ms (FindLiveObjects: 0.470600 ms CreateObjectMapping: 0.218900 ms MarkObjects: 1.498900 ms  DeleteObjects: 0.030800 ms)

========================================================================
Received Prepare
Registering precompiled user dll's ...
Registered in 0.001229 seconds.
Begin MonoManager ReloadAssembly
Native extension for WindowsStandalone target not found
Native extension for WebGL target not found
Refreshing native plugins compatible for Editor in 0.22 ms, found 0 plugins.
Preloading 0 native plugins for Editor in 0.00 ms.
Invoked RoslynAnalysisRunner static constructor.
RoslynAnalysisRunner will not be running.
RoslynAnalysisRunner has terminated.
Mono: successfully reloaded assembly
- Completed reload, in  0.839 seconds
Platform modules already initialized, skipping
Refreshing native plugins compatible for Editor in 0.22 ms, found 0 plugins.
Preloading 0 native plugins for Editor in 0.00 ms.
Unloading 1123 Unused Serialized files (Serialized files now loaded: 0)
System memory in use before: 61.2 MB.
System memory in use after: 61.3 MB.

Unloading 4 unused Assets to reduce memory usage. Loaded Objects now: 1639.
Total: 2.045100 ms (FindLiveObjects: 0.192700 ms CreateObjectMapping: 0.053900 ms MarkObjects: 1.753700 ms  DeleteObjects: 0.043800 ms)

========================================================================
Received Prepare
Registering precompiled user dll's ...
Registered in 0.001224 seconds.
Begin MonoManager ReloadAssembly
Native extension for WindowsStandalone target not found
Native extension for WebGL target not found
Refreshing native plugins compatible for Editor in 0.22 ms, found 0 plugins.
Preloading 0 native plugins for Editor in 0.00 ms.
Invoked RoslynAnalysisRunner static constructor.
RoslynAnalysisRunner will not be running.
RoslynAnalysisRunner has terminated.
Mono: successfully reloaded assembly
- Completed reload, in  0.827 seconds
Platform modules already initialized, skipping
Refreshing native plugins compatible for Editor in 0.22 ms, found 0 plugins.
Preloading 0 native plugins for Editor in 0.00 ms.
Unloading 1123 Unused Serialized files (Serialized files now loaded: 0)
System memory in use before: 61.2 MB.
System memory in use after: 61.3 MB.

Unloading 4 unused Assets to reduce memory usage. Loaded Objects now: 1642.
Total: 1.822900 ms (FindLiveObjects: 0.253000 ms CreateObjectMapping: 0.049900 ms MarkObjects: 1.503100 ms  DeleteObjects: 0.016000 ms)

========================================================================
Received Prepare
Registering precompiled user dll's ...
Registered in 0.001463 seconds.
Begin MonoManager ReloadAssembly
Native extension for WindowsStandalone target not found
Native extension for WebGL target not found
Refreshing native plugins compatible for Editor in 0.44 ms, found 0 plugins.
Preloading 0 native plugins for Editor in 0.00 ms.
Invoked RoslynAnalysisRunner static constructor.
RoslynAnalysisRunner will not be running.
RoslynAnalysisRunner has terminated.
Mono: successfully reloaded assembly
- Completed reload, in  0.860 seconds
Platform modules already initialized, skipping
Refreshing native plugins compatible for Editor in 0.22 ms, found 0 plugins.
Preloading 0 native plugins for Editor in 0.00 ms.
Unloading 1123 Unused Serialized files (Serialized files now loaded: 0)
System memory in use before: 61.2 MB.
System memory in use after: 61.3 MB.

Unloading 4 unused Assets to reduce memory usage. Loaded Objects now: 1645.
Total: 1.734100 ms (FindLiveObjects: 0.169100 ms CreateObjectMapping: 0.026800 ms MarkObjects: 1.497400 ms  DeleteObjects: 0.026900 ms)

========================================================================
Received Import Request.
  Time since last request: 3337.821601 seconds.
  path: Assets/Scenes/PlayScene.unity
  artifactKey: Guid(9fc0d4010bbf28b4594072e72b8655ab) Importer(815301076,1909f56bfc062723c751e8b465ee728b)
Start importing Assets/Scenes/PlayScene.unity using Guid(9fc0d4010bbf28b4594072e72b8655ab) Importer(815301076,1909f56bfc062723c751e8b465ee728b)  -> (artifact id: 'f69db5924eddbec523610f3ade62abda') in 0.018189 seconds
  Import took 0.020679 seconds .

========================================================================
Received Import Request.
  Time since last request: 7.569496 seconds.
  path: Assets/Scenes/PlayScene2.unity
  artifactKey: Guid(09d3eb77b86f72643bebe38e2f6fc1ef) Importer(815301076,1909f56bfc062723c751e8b465ee728b)
Start importing Assets/Scenes/PlayScene2.unity using Guid(09d3eb77b86f72643bebe38e2f6fc1ef) Importer(815301076,1909f56bfc062723c751e8b465ee728b)  -> (artifact id: '585b8bd136d3504e8a810656a668bc8d') in 0.007733 seconds
  Import took 0.009785 seconds .

========================================================================
Received Prepare
Registering precompiled user dll's ...
Registered in 0.001452 seconds.
Begin MonoManager ReloadAssembly
Native extension for WindowsStandalone target not found
Native extension for WebGL target not found
Refreshing native plugins compatible for Editor in 0.36 ms, found 0 plugins.
Preloading 0 native plugins for Editor in 0.00 ms.
Invoked RoslynAnalysisRunner static constructor.
RoslynAnalysisRunner will not be running.
RoslynAnalysisRunner has terminated.
Mono: successfully reloaded assembly
- Completed reload, in  0.972 seconds
Platform modules already initialized, skipping
Refreshing native plugins compatible for Editor in 0.22 ms, found 0 plugins.
Preloading 0 native plugins for Editor in 0.00 ms.
Unloading 1123 Unused Serialized files (Serialized files now loaded: 0)
System memory in use before: 61.2 MB.
System memory in use after: 61.3 MB.

Unloading 4 unused Assets to reduce memory usage. Loaded Objects now: 1648.
Total: 1.958700 ms (FindLiveObjects: 0.205900 ms CreateObjectMapping: 0.050200 ms MarkObjects: 1.646900 ms  DeleteObjects: 0.054300 ms)

========================================================================
Received Prepare
Registering precompiled user dll's ...
Registered in 0.001181 seconds.
Begin MonoManager ReloadAssembly
Native extension for WindowsStandalone target not found
Native extension for WebGL target not found
Refreshing native plugins compatible for Editor in 0.20 ms, found 0 plugins.
Preloading 0 native plugins for Editor in 0.01 ms.
Invoked RoslynAnalysisRunner static constructor.
RoslynAnalysisRunner will not be running.
RoslynAnalysisRunner has terminated.
Mono: successfully reloaded assembly
- Completed reload, in  0.835 seconds
Platform modules already initialized, skipping
Refreshing native plugins compatible for Editor in 0.32 ms, found 0 plugins.
Preloading 0 native plugins for Editor in 0.00 ms.
Unloading 1123 Unused Serialized files (Serialized files now loaded: 0)
System memory in use before: 61.2 MB.
System memory in use after: 61.3 MB.

Unloading 4 unused Assets to reduce memory usage. Loaded Objects now: 1651.
Total: 2.056400 ms (FindLiveObjects: 0.240000 ms CreateObjectMapping: 0.068800 ms MarkObjects: 1.700100 ms  DeleteObjects: 0.043900 ms)

========================================================================
Received Prepare
Registering precompiled user dll's ...
Registered in 0.001614 seconds.
Begin MonoManager ReloadAssembly
Native extension for WindowsStandalone target not found
Native extension for WebGL target not found
Refreshing native plugins compatible for Editor in 0.28 ms, found 0 plugins.
Preloading 0 native plugins for Editor in 0.00 ms.
Invoked RoslynAnalysisRunner static constructor.
RoslynAnalysisRunner will not be running.
RoslynAnalysisRunner has terminated.
Mono: successfully reloaded assembly
- Completed reload, in  0.823 seconds
Platform modules already initialized, skipping
Refreshing native plugins compatible for Editor in 0.22 ms, found 0 plugins.
Preloading 0 native plugins for Editor in 0.00 ms.
Unloading 1123 Unused Serialized files (Serialized files now loaded: 0)
System memory in use before: 61.2 MB.
System memory in use after: 61.3 MB.

Unloading 4 unused Assets to reduce memory usage. Loaded Objects now: 1654.
Total: 2.054100 ms (FindLiveObjects: 0.275500 ms CreateObjectMapping: 0.095100 ms MarkObjects: 1.638000 ms  DeleteObjects: 0.043700 ms)

========================================================================
Received Import Request.
  Time since last request: 1337.881052 seconds.
  path: Assets/Scenes/ClearScene.unity
  artifactKey: Guid(179a897cd70944c4d8d547aa7575b612) Importer(815301076,1909f56bfc062723c751e8b465ee728b)
Start importing Assets/Scenes/ClearScene.unity using Guid(179a897cd70944c4d8d547aa7575b612) Importer(815301076,1909f56bfc062723c751e8b465ee728b)  -> (artifact id: '9cb445665f436b5542ff0358c7264dbe') in 0.016065 seconds
  Import took 0.017926 seconds .

========================================================================
Received Prepare
Registering precompiled user dll's ...
Registered in 0.001218 seconds.
Begin MonoManager ReloadAssembly
Native extension for WindowsStandalone target not found
Native extension for WebGL target not found
Refreshing native plugins compatible for Editor in 0.19 ms, found 0 plugins.
Preloading 0 native plugins for Editor in 0.00 ms.
Invoked RoslynAnalysisRunner static constructor.
RoslynAnalysisRunner will not be running.
RoslynAnalysisRunner has terminated.
Mono: successfully reloaded assembly
- Completed reload, in  0.832 seconds
Platform modules already initialized, skipping
Refreshing native plugins compatible for Editor in 0.23 ms, found 0 plugins.
Preloading 0 native plugins for Editor in 0.00 ms.
Unloading 1123 Unused Serialized files (Serialized files now loaded: 0)
System memory in use before: 61.3 MB.
System memory in use after: 61.4 MB.

Unloading 4 unused Assets to reduce memory usage. Loaded Objects now: 1657.
Total: 1.903000 ms (FindLiveObjects: 0.271600 ms CreateObjectMapping: 0.086500 ms MarkObjects: 1.515200 ms  DeleteObjects: 0.027200 ms)

========================================================================
Received Import Request.
  Time since last request: 43.628395 seconds.
  path: Assets/Scenes/OverScene.unity
  artifactKey: Guid(ab85e287431750d47b07cc9dcadae820) Importer(815301076,1909f56bfc062723c751e8b465ee728b)
Start importing Assets/Scenes/OverScene.unity using Guid(ab85e287431750d47b07cc9dcadae820) Importer(815301076,1909f56bfc062723c751e8b465ee728b)  -> (artifact id: '22055e28054c81aa0408f273a4a91785') in 0.016675 seconds
  Import took 0.018620 seconds .

========================================================================
Received Prepare
Registering precompiled user dll's ...
Registered in 0.001357 seconds.
Begin MonoManager ReloadAssembly
Native extension for WindowsStandalone target not found
Native extension for WebGL target not found
Refreshing native plugins compatible for Editor in 0.24 ms, found 0 plugins.
Preloading 0 native plugins for Editor in 0.00 ms.
Invoked RoslynAnalysisRunner static constructor.
RoslynAnalysisRunner will not be running.
RoslynAnalysisRunner has terminated.
Mono: successfully reloaded assembly
- Completed reload, in  0.822 seconds
Platform modules already initialized, skipping
Refreshing native plugins compatible for Editor in 0.32 ms, found 0 plugins.
Preloading 0 native plugins for Editor in 0.00 ms.
Unloading 1123 Unused Serialized files (Serialized files now loaded: 0)
System memory in use before: 61.3 MB.
System memory in use after: 61.4 MB.

Unloading 4 unused Assets to reduce memory usage. Loaded Objects now: 1660.
Total: 1.759700 ms (FindLiveObjects: 0.204600 ms CreateObjectMapping: 0.033900 ms MarkObjects: 1.507900 ms  DeleteObjects: 0.012200 ms)

========================================================================
Received Import Request.
  Time since last request: 19.514770 seconds.
  path: Assets/Scenes/ClearScene.unity
  artifactKey: Guid(179a897cd70944c4d8d547aa7575b612) Importer(815301076,1909f56bfc062723c751e8b465ee728b)
Start importing Assets/Scenes/ClearScene.unity using Guid(179a897cd70944c4d8d547aa7575b612) Importer(815301076,1909f56bfc062723c751e8b465ee728b)  -> (artifact id: 'bcf2d1af4da06b3ad47669f8f06f0142') in 0.016765 seconds
  Import took 0.018904 seconds .

========================================================================
Received Prepare
Registering precompiled user dll's ...
Registered in 0.001177 seconds.
Begin MonoManager ReloadAssembly
Native extension for WindowsStandalone target not found
Native extension for WebGL target not found
Refreshing native plugins compatible for Editor in 0.23 ms, found 0 plugins.
Preloading 0 native plugins for Editor in 0.00 ms.
Invoked RoslynAnalysisRunner static constructor.
RoslynAnalysisRunner will not be running.
RoslynAnalysisRunner has terminated.
Mono: successfully reloaded assembly
- Completed reload, in  0.827 seconds
Platform modules already initialized, skipping
Refreshing native plugins compatible for Editor in 0.19 ms, found 0 plugins.
Preloading 0 native plugins for Editor in 0.00 ms.
Unloading 1123 Unused Serialized files (Serialized files now loaded: 0)
System memory in use before: 61.3 MB.
System memory in use after: 61.4 MB.

Unloading 4 unused Assets to reduce memory usage. Loaded Objects now: 1663.
Total: 1.873100 ms (FindLiveObjects: 0.208200 ms CreateObjectMapping: 0.034800 ms MarkObjects: 1.601300 ms  DeleteObjects: 0.027700 ms)

========================================================================
Received Import Request.
  Time since last request: 24.736923 seconds.
  path: Assets/Scenes/OverScene.unity
  artifactKey: Guid(ab85e287431750d47b07cc9dcadae820) Importer(815301076,1909f56bfc062723c751e8b465ee728b)
Start importing Assets/Scenes/OverScene.unity using Guid(ab85e287431750d47b07cc9dcadae820) Importer(815301076,1909f56bfc062723c751e8b465ee728b)  -> (artifact id: '3cd2654137318d638aeb2ba8a6ef57ab') in 0.017475 seconds
  Import took 0.019481 seconds .

========================================================================
Received Prepare
Registering precompiled user dll's ...
Registered in 0.001601 seconds.
Begin MonoManager ReloadAssembly
Native extension for WindowsStandalone target not found
Native extension for WebGL target not found
Refreshing native plugins compatible for Editor in 0.19 ms, found 0 plugins.
Preloading 0 native plugins for Editor in 0.00 ms.
Invoked RoslynAnalysisRunner static constructor.
RoslynAnalysisRunner will not be running.
RoslynAnalysisRunner has terminated.
Mono: successfully reloaded assembly
- Completed reload, in  0.848 seconds
Platform modules already initialized, skipping
Refreshing native plugins compatible for Editor in 0.27 ms, found 0 plugins.
Preloading 0 native plugins for Editor in 0.00 ms.
Unloading 1123 Unused Serialized files (Serialized files now loaded: 0)
System memory in use before: 61.3 MB.
System memory in use after: 61.4 MB.

Unloading 4 unused Assets to reduce memory usage. Loaded Objects now: 1666.
Total: 1.764600 ms (FindLiveObjects: 0.152300 ms CreateObjectMapping: 0.047800 ms MarkObjects: 1.535800 ms  DeleteObjects: 0.027600 ms)

========================================================================
Received Import Request.
  Time since last request: 25.732841 seconds.
  path: Assets/Scenes/PlayScene.unity
  artifactKey: Guid(9fc0d4010bbf28b4594072e72b8655ab) Importer(815301076,1909f56bfc062723c751e8b465ee728b)
Start importing Assets/Scenes/PlayScene.unity using Guid(9fc0d4010bbf28b4594072e72b8655ab) Importer(815301076,1909f56bfc062723c751e8b465ee728b)  -> (artifact id: 'babc81acc8dfaff391cab04c2f81d324') in 0.015942 seconds
  Import took 0.018117 seconds .

========================================================================
Received Import Request.
  Time since last request: 0.958147 seconds.
  path: Assets/Scenes/PlayScene2.unity
  artifactKey: Guid(09d3eb77b86f72643bebe38e2f6fc1ef) Importer(815301076,1909f56bfc062723c751e8b465ee728b)
Start importing Assets/Scenes/PlayScene2.unity using Guid(09d3eb77b86f72643bebe38e2f6fc1ef) Importer(815301076,1909f56bfc062723c751e8b465ee728b)  -> (artifact id: 'd0c68e6b23df7c9fc554c5a2d5f69825') in 0.007356 seconds
  Import took 0.009372 seconds .

========================================================================
Received Import Request.
  Time since last request: 1.082367 seconds.
  path: Assets/Scenes/StartScene.unity
  artifactKey: Guid(7e2f5ba0ad9cfd7489bfb5eb3edf11f8) Importer(815301076,1909f56bfc062723c751e8b465ee728b)
Start importing Assets/Scenes/StartScene.unity using Guid(7e2f5ba0ad9cfd7489bfb5eb3edf11f8) Importer(815301076,1909f56bfc062723c751e8b465ee728b)  -> (artifact id: 'fe49dd824f466bd6ae61be8b45ce6408') in 0.007821 seconds
  Import took 0.009975 seconds .

========================================================================
Received Import Request.
  Time since last request: 60.199283 seconds.
  path: Assets/Scripts/ClearManager.cs
  artifactKey: Guid(4ab56fa9a7acaa34b9323c522a4d970a) Importer(815301076,1909f56bfc062723c751e8b465ee728b)
Start importing Assets/Scripts/ClearManager.cs using Guid(4ab56fa9a7acaa34b9323c522a4d970a) Importer(815301076,1909f56bfc062723c751e8b465ee728b)  -> (artifact id: 'f1a2be59f5a3ab8fd12de85017339dd4') in 0.010286 seconds
  Import took 0.013462 seconds .

========================================================================
Received Import Request.
  Time since last request: 0.001973 seconds.
  path: Assets/Scripts/ClearManager.cs
  artifactKey: Guid(4ab56fa9a7acaa34b9323c522a4d970a) Importer(815301076,1909f56bfc062723c751e8b465ee728b)
Start importing Assets/Scripts/ClearManager.cs using Guid(4ab56fa9a7acaa34b9323c522a4d970a) Importer(815301076,1909f56bfc062723c751e8b465ee728b)  -> (artifact id: 'f1a2be59f5a3ab8fd12de85017339dd4') in 0.007281 seconds
  Import took 0.009985 seconds .

========================================================================
Received Prepare
Registering precompiled user dll's ...
Registered in 0.022968 seconds.
Begin MonoManager ReloadAssembly
Native extension for WindowsStandalone target not found
Native extension for WebGL target not found
Refreshing native plugins compatible for Editor in 0.49 ms, found 0 plugins.
Preloading 0 native plugins for Editor in 0.00 ms.
Invoked RoslynAnalysisRunner static constructor.
RoslynAnalysisRunner will not be running.
RoslynAnalysisRunner has terminated.
Mono: successfully reloaded assembly
- Completed reload, in  2.552 seconds
Platform modules already initialized, skipping
Refreshing native plugins compatible for Editor in 0.22 ms, found 0 plugins.
Preloading 0 native plugins for Editor in 0.00 ms.
Unloading 1123 Unused Serialized files (Serialized files now loaded: 0)
System memory in use before: 61.3 MB.
System memory in use after: 61.4 MB.

Unloading 4 unused Assets to reduce memory usage. Loaded Objects now: 1669.
Total: 1.787100 ms (FindLiveObjects: 0.217300 ms CreateObjectMapping: 0.037100 ms MarkObjects: 1.517900 ms  DeleteObjects: 0.013600 ms)

========================================================================
Received Import Request.
  Time since last request: 60.446509 seconds.
  path: Assets/Scripts/ClearSEManager.cs
  artifactKey: Guid(fd09fac9a69e1c64a8cc2c5e5ddd176b) Importer(815301076,1909f56bfc062723c751e8b465ee728b)
Start importing Assets/Scripts/ClearSEManager.cs using Guid(fd09fac9a69e1c64a8cc2c5e5ddd176b) Importer(815301076,1909f56bfc062723c751e8b465ee728b)  -> (artifact id: '9c1b962768c4442c6e7e224e1f92b4bc') in 0.009178 seconds
  Import took 0.011233 seconds .

========================================================================
Received Import Request.
  Time since last request: 0.038555 seconds.
  path: Assets/Scripts/ClearSEManager.cs
  artifactKey: Guid(fd09fac9a69e1c64a8cc2c5e5ddd176b) Importer(815301076,1909f56bfc062723c751e8b465ee728b)
Start importing Assets/Scripts/ClearSEManager.cs using Guid(fd09fac9a69e1c64a8cc2c5e5ddd176b) Importer(815301076,1909f56bfc062723c751e8b465ee728b)  -> (artifact id: '9c1b962768c4442c6e7e224e1f92b4bc') in 0.006850 seconds
  Import took 0.009229 seconds .

========================================================================
Received Import Request.
  Time since last request: 23.557121 seconds.
  path: Assets/Scripts/SEManager.cs
  artifactKey: Guid(b2c01f431a2c5494b8becba7b080a841) Importer(815301076,1909f56bfc062723c751e8b465ee728b)
Start importing Assets/Scripts/SEManager.cs using Guid(b2c01f431a2c5494b8becba7b080a841) Importer(815301076,1909f56bfc062723c751e8b465ee728b)  -> (artifact id: '2b0531af946d9f2999d69d5c8455a533') in 0.007475 seconds
  Import took 0.009644 seconds .

========================================================================
Received Import Request.
  Time since last request: 0.000852 seconds.
  path: Assets/Scripts/SEManager.cs
  artifactKey: Guid(b2c01f431a2c5494b8becba7b080a841) Importer(815301076,1909f56bfc062723c751e8b465ee728b)
Start importing Assets/Scripts/SEManager.cs using Guid(b2c01f431a2c5494b8becba7b080a841) Importer(815301076,1909f56bfc062723c751e8b465ee728b)  -> (artifact id: '2b0531af946d9f2999d69d5c8455a533') in 0.006610 seconds
  Import took 0.009099 seconds .

========================================================================
Received Import Request.
  Time since last request: 4.503360 seconds.
  path: Assets/Scripts/StartManager.cs
  artifactKey: Guid(50b761e6789858e4c997d6ce67096a0a) Importer(815301076,1909f56bfc062723c751e8b465ee728b)
Start importing Assets/Scripts/StartManager.cs using Guid(50b761e6789858e4c997d6ce67096a0a) Importer(815301076,1909f56bfc062723c751e8b465ee728b)  -> (artifact id: '1ff02ab69b6ecb4beadce22047bd870b') in 0.006906 seconds
  Import took 0.009147 seconds .

========================================================================
Received Import Request.
  Time since last request: 42.404243 seconds.
  path: Assets/Scripts/StageSelectManager.cs
  artifactKey: Guid(9cf34a736817a16479efc19b2c265d9f) Importer(815301076,1909f56bfc062723c751e8b465ee728b)
Start importing Assets/Scripts/StageSelectManager.cs using Guid(9cf34a736817a16479efc19b2c265d9f) Importer(815301076,1909f56bfc062723c751e8b465ee728b)  -> (artifact id: 'de5d6b804df537ab696a30e8fcfa097e') in 0.007191 seconds
  Import took 0.009495 seconds .

========================================================================
Received Import Request.
  Time since last request: 0.001713 seconds.
  path: Assets/Scripts/StageSelectManager.cs
  artifactKey: Guid(9cf34a736817a16479efc19b2c265d9f) Importer(815301076,1909f56bfc062723c751e8b465ee728b)
Start importing Assets/Scripts/StageSelectManager.cs using Guid(9cf34a736817a16479efc19b2c265d9f) Importer(815301076,1909f56bfc062723c751e8b465ee728b)  -> (artifact id: 'de5d6b804df537ab696a30e8fcfa097e') in 0.006950 seconds
  Import took 0.009167 seconds .

========================================================================
Received Import Request.
  Time since last request: 7.643250 seconds.
  path: Assets/Scripts/StageManager.cs
  artifactKey: Guid(e97951320a0c5744c99200d392f90bd9) Importer(815301076,1909f56bfc062723c751e8b465ee728b)
Start importing Assets/Scripts/StageManager.cs using Guid(e97951320a0c5744c99200d392f90bd9) Importer(815301076,1909f56bfc062723c751e8b465ee728b)  -> (artifact id: 'b23fd8186af5c1a614dd7aaea275e2f2') in 0.007033 seconds
  Import took 0.009046 seconds .

========================================================================
Received Import Request.
  Time since last request: 0.002017 seconds.
  path: Assets/Scripts/StageManager.cs
  artifactKey: Guid(e97951320a0c5744c99200d392f90bd9) Importer(815301076,1909f56bfc062723c751e8b465ee728b)
Start importing Assets/Scripts/StageManager.cs using Guid(e97951320a0c5744c99200d392f90bd9) Importer(815301076,1909f56bfc062723c751e8b465ee728b)  -> (artifact id: 'b23fd8186af5c1a614dd7aaea275e2f2') in 0.007025 seconds
  Import took 0.009813 seconds .

AssetImportWorkerClient::OnTransportError - code=2 error=End of file
